"../../../Engine/Content/Animation/DefaultAnimBoneCompressionSettings.uasset" 0
"../../../Engine/Content/Animation/DefaultAnimCurveCompressionSettings.uasset" 1
"../../../Engine/Content/EngineMaterials/T_Default_Material_Grid_N.uasset" 2
"../../../Engine/Content/EngineMaterials/T_Default_Material_Grid_M.uasset" 3
"../../../Engine/Content/Functions/Engine_MaterialFunctions01/Opacity/CameraDepthFade.uasset" 4
"../../../Engine/Content/EngineMaterials/WorldGridMaterial.uasset" 5
"../../../Engine/Content/ArtTools/RenderToTexture/Meshes/S_1_Unit_Plane.uasset" 6
"../../../Engine/Content/EditorLandscapeResources/DataLayer.uasset" 7
"../../../Engine/Content/EditorLandscapeResources/DefaultAlphaTexture.uasset" 8
"../../../Engine/Content/EditorMaterials/MAT_Groups_Toggle.uasset" 9
"../../../Engine/Content/EditorMaterials/MAT_Groups_Visibility.uasset" 10
"../../../Engine/Content/EditorMaterials/PreviewShadowIndicator.uasset" 11
"../../../Engine/Content/EditorMaterials/PreviewShadowIndicatorMaterial.uasset" 12
"../../../Engine/Content/EditorMaterials/MatineeGroups/MAT_ColorTrack.uasset" 13
"../../../Engine/Content/EditorMaterials/MatineeGroups/MAT_Groups_Anim.uasset" 14
"../../../Engine/Content/EditorMaterials/MatineeGroups/MAT_Groups_AudioMaster.uasset" 15
"../../../Engine/Content/EditorMaterials/MatineeGroups/MAT_Groups_Director.uasset" 16
"../../../Engine/Content/EditorMaterials/MatineeGroups/MAT_Groups_Event.uasset" 17
"../../../Engine/Content/EditorMaterials/MatineeGroups/MAT_Groups_Fade.uasset" 18
"../../../Engine/Content/EditorMaterials/MatineeGroups/MAT_Groups_Float.uasset" 19
"../../../Engine/Content/EditorMaterials/MatineeGroups/MAT_Groups_Move.uasset" 20
"../../../Engine/Content/EditorMaterials/MatineeGroups/MAT_Groups_Slomo.uasset" 21
"../../../Engine/Content/EditorMaterials/MatineeGroups/MAT_Groups_Sound.uasset" 22
"../../../Engine/Content/EditorMaterials/MatineeGroups/MAT_Groups_Vector.uasset" 23
"../../../Engine/Content/EditorMaterials/ParticleSystems/PSysThumbnail_NoImage.uasset" 24
"../../../Engine/Content/EditorMaterials/ParticleSystems/PSysThumbnail_OOD.uasset" 25
"../../../Engine/Content/EditorMaterials/Camera/CineMat.uasset" 26
"../../../Engine/Content/EditorMaterials/Camera/MI_CineMat_Rig.uasset" 27
"../../../Engine/Content/EditorMeshes/Camera/SM_CraneRig_Arm.uasset" 28
"../../../Engine/Content/EditorMeshes/Camera/SM_CraneRig_Base.uasset" 29
"../../../Engine/Content/EditorMeshes/Camera/SM_CraneRig_Body.uasset" 30
"../../../Engine/Content/EditorMeshes/Camera/SM_CraneRig_Mount.uasset" 31
"../../../Engine/Content/EditorMeshes/Camera/SM_RailRig_Mount.uasset" 32
"../../../Engine/Content/EditorMeshes/Camera/SM_RailRig_Track.uasset" 33
"../../../Engine/Content/EditorResources/BSPVertex.uasset" 34
"../../../Engine/Content/EditorResources/EmptyActor.uasset" 35
"../../../Engine/Content/EditorResources/S_Actor.uasset" 36
"../../../Engine/Content/EditorResources/S_Note.uasset" 37
"../../../Engine/Content/EditorResources/S_Solver.uasset" 38
"../../../Engine/Content/EditorResources/S_Terrain.uasset" 39
"../../../Engine/Content/EditorResources/S_Trigger.uasset" 40
"../../../Engine/Content/EditorResources/LightIcons/S_LightError.uasset" 41
"../../../Engine/Content/EditorResources/SequenceRecorder/Countdown.uasset" 42
"../../../Engine/Content/EditorResources/SequenceRecorder/RecordingIndicator.uasset" 43
"../../../Engine/Content/EngineDamageTypes/DmgTypeBP_Environmental.uasset" 44
"../../../Engine/Content/EngineDebugMaterials/DebugEditorMaterial.uasset" 45
"../../../Engine/Content/EngineDebugMaterials/DebugMeshMaterial.uasset" 46
"../../../Engine/Content/EngineDebugMaterials/M_SimpleUnlitTranslucent.uasset" 47
"../../../Engine/Content/EngineDebugMaterials/VolumeToRender.uasset" 48
"../../../Engine/Content/Functions/Engine_MaterialFunctions02/Utility/CameraDirectionVector.uasset" 49
"../../../Engine/Content/EngineDebugMaterials/M_VolumeRenderSphereTracePP.uasset" 50
"../../../Engine/Content/Functions/Engine_MaterialFunctions01/Shading/ConvertFromDiffSpec.uasset" 51
"../../../Engine/Content/EngineDebugMaterials/VertexColorMaterial.uasset" 52
"../../../Engine/Content/EngineDebugMaterials/WireframeMaterial.uasset" 53
"../../../Engine/Content/EngineFonts/Faces/RobotoRegular.uasset" 54
"../../../Engine/Content/EngineFonts/Faces/RobotoLight.uasset" 55
"../../../Engine/Content/EngineFonts/Faces/RobotoItalic.uasset" 56
"../../../Engine/Content/EngineFonts/Faces/RobotoBoldItalic.uasset" 57
"../../../Engine/Content/EngineFonts/Faces/RobotoBold.uasset" 58
"../../../Engine/Content/EngineFonts/Faces/DroidSansFallback.uasset" 59
"../../../Engine/Content/EngineFonts/Roboto.uasset" 60
"../../../Engine/Content/EngineMaterials/BaseFlattenNormalMap.uasset" 61
"../../../Engine/Content/EngineMaterials/BaseFlattenGrayscaleMap.uasset" 62
"../../../Engine/Content/EngineMaterials/BaseFlattenEmissiveMap.uasset" 63
"../../../Engine/Content/EngineMaterials/BaseFlattenDiffuseMap.uasset" 64
"../../../Engine/Content/EngineMaterials/BaseFlattenMaterial.uasset" 65
"../../../Engine/Content/EngineMaterials/BlueNoise.uasset" 66
"../../../Engine/Content/EngineMaterials/DefaultBloomKernel.uasset" 67
"../../../Engine/Content/EngineMaterials/DefaultBokeh.uasset" 68
"../../../Engine/Content/EngineMaterials/DefaultDiffuse.uasset" 69
"../../../Engine/Content/EngineMaterials/DefaultDeferredDecalMaterial.uasset" 70
"../../../Engine/Content/EngineMaterials/DefaultLightFunctionMaterial.uasset" 71
"../../../Engine/Content/Functions/Engine_MaterialFunctions02/Utility/BreakOutFloat2Components.uasset" 72
"../../../Engine/Content/EngineMaterials/DefaultPostProcessMaterial.uasset" 73
"../../../Engine/Content/EngineFonts/RobotoDistanceField.uasset" 74
"../../../Engine/Content/EngineMaterials/DefaultTextMaterialOpaque.uasset" 75
"../../../Engine/Content/EngineMaterials/DefaultWhiteGrid.uasset" 76
"../../../Engine/Content/EngineMaterials/DefaultWhiteGrid_Low.uasset" 77
"../../../Engine/Content/EngineMaterials/EmissiveMeshMaterial.uasset" 78
"../../../Engine/Content/EngineMaterials/GizmoMaterial.uasset" 79
"../../../Engine/Content/EngineMaterials/Good64x64TilingNoiseHighFreq.uasset" 80
"../../../Engine/Content/EngineMaterials/MiniFont.uasset" 81
"../../../Engine/Content/EngineMaterials/InvalidLightmapSettings.uasset" 82
"../../../Engine/Content/EngineMaterials/M_InvalidLightmapSettings.uasset" 83
"../../../Engine/Content/Functions/Engine_MaterialFunctions02/WorldPositionOffset/CameraOffset.uasset" 84
"../../../Engine/Content/EngineMaterials/PhAT_JointLimitMaterial.uasset" 85
"../../../Engine/Content/EngineMaterials/PreintegratedSkinBRDF.uasset" 86
"../../../Engine/Content/EngineMaterials/RemoveSurfaceMaterial.uasset" 87
"../../../Engine/Content/EngineMaterials/WeightMapPlaceholderTexture.uasset" 88
"../../../Engine/Content/EngineResources/WhiteSquareTexture.uasset" 89
"../../../Engine/Content/EngineMaterials/Widget3DPassThrough.uasset" 90
"../../../Engine/Content/EngineMaterials/Widget3DPassThrough_Masked.uasset" 91
"../../../Engine/Content/EngineMaterials/Widget3DPassThrough_Opaque.uasset" 92
"../../../Engine/Content/EngineMaterials/Widget3DPassThrough_Masked_OneSided.uasset" 93
"../../../Engine/Content/EngineMaterials/Widget3DPassThrough_Opaque_OneSided.uasset" 94
"../../../Engine/Content/EngineMaterials/Widget3DPassThrough_Translucent.uasset" 95
"../../../Engine/Content/EngineMaterials/Widget3DPassThrough_Translucent_OneSided.uasset" 96
"../../../Engine/Content/EngineMaterials/DefaultMaterial.uasset" 97
"../../../Engine/Content/EngineMeshes/Cylinder.uasset" 98
"../../../Engine/Content/EngineMeshes/Sphere.uasset" 99
"../../../Engine/Content/EngineResources/Black.uasset" 100
"../../../Engine/Content/EngineResources/DefaultTextureCube.uasset" 101
"../../../Engine/Content/EngineResources/DefaultVolumeTexture2D.uasset" 102
"../../../Engine/Content/EngineResources/DefaultVolumeTexture.uasset" 103
"../../../Engine/Content/EngineResources/GradientTexture0.uasset" 104
"../../../Engine/Content/EngineSky/VolumetricClouds/T_NoiseShape64.uasset" 105
"../../../Engine/Content/EngineSky/VolumetricClouds/T_VolumeNoiseShape64.uasset" 106
"../../../Engine/Content/EngineSky/VolumetricClouds/T_NoiseErosion.uasset" 107
"../../../Engine/Content/EngineSky/VolumetricClouds/T_VolumeNoiseErosion32.uasset" 108
"../../../Engine/Content/EngineSky/VolumetricClouds/CloudWeatherTexture.uasset" 109
"../../../Engine/Content/EngineSky/VolumetricClouds/CloudGradientTexture.uasset" 110
"../../../Engine/Content/Functions/Engine_MaterialFunctions02/Utility/MakeFloat2.uasset" 111
"../../../Engine/Content/EngineSky/VolumetricClouds/m_SimpleVolumetricCloud.uasset" 112
"../../../Engine/Content/EngineSky/VolumetricClouds/m_SimpleVolumetricCloud_Inst.uasset" 113
"../../../Engine/Content/EngineSounds/Master.uasset" 114
"../../../Engine/Content/Functions/Engine_MaterialFunctions01/Shading/PowerToRoughness.uasset" 115
"../../../Engine/Content/Maps/Templates/Thumbnails/Default.uasset" 116
"../../../Engine/Content/Maps/Templates/Thumbnails/TimeOfDay.uasset" 117
"../../../Engine/Content/Maps/Templates/Thumbnails/VR-Basic.uasset" 118
"../../../Engine/Content/MobileResources/T_MobileControls_texture.uasset" 119
"../../../Engine/Content/MobileResources/T_MobileMenu2.uasset" 120
"../../../Engine/Content/MobileResources/HUD/AnalogHat.uasset" 121
"../../../Engine/Content/MobileResources/HUD/VirtualJoystick_Thumb.uasset" 122
"../../../Engine/Content/MobileResources/HUD/VirtualJoystick_Background.uasset" 123
"../../../Engine/Content/MobileResources/HUD/DefaultVirtualJoysticks.uasset" 124
"../../../Engine/Content/MobileResources/HUD/LeftVirtualJoystickOnly.uasset" 125
"../../../Engine/Content/MobileResources/HUD/MobileHUDButton1_off.uasset" 126
"../../../Engine/Content/MobileResources/HUD/MobileHUDButton1_on.uasset" 127
"../../../Engine/Content/MobileResources/HUD/MobileHUDButton2_off.uasset" 128
"../../../Engine/Content/MobileResources/HUD/MobileHUDButton2_on.uasset" 129
"../../../Engine/Content/MobileResources/HUD/MobileHUDButton3.uasset" 130
"../../../Engine/Content/MobileResources/HUD/MobileHUDButtonFire.uasset" 131
"../../../Engine/Content/MobileResources/HUD/MobileHUDDirectionPad.uasset" 132
"../../../Engine/Content/MobileResources/HUD/MobileHUDDirectionPad2.uasset" 133
"../../../Engine/Content/MobileResources/HUD/MobileHUDDirectionPad3.uasset" 134
"../../../Engine/Content/MobileResources/HUD/MobileHUDDirectionStick.uasset" 135
"../../../Engine/Content/MobileResources/HUD/T_Castle_ThumbstickInner.uasset" 136
"../../../Engine/Content/MobileResources/HUD/T_Castle_ThumbstickOutter.uasset" 137
"../../../Engine/Content/Tutorial/ContentIntroCurve.uasset" 138
"../../../Engine/Content/Tutorial/Basics/LevelEditorAttract.uasset" 139
"../../../Engine/Content/Tutorial/Installation/InstallingVisualStudioTutorial.uasset" 140
"../../../Engine/Content/VREditor/TransformGizmo/TranslucentTransformGizmoMaterial.uasset" 141
"../../../Engine/Content/VREditor/LaserPointer/VR_LaserPower_01.uasset" 142
"../../../Engine/Content/VREditor/TransformGizmo/TransformGizmoMaterial.uasset" 143
"../../../Engine/Content/VREditor/TransformGizmo/BoundingBoxCorner.uasset" 144
"../../../Engine/Content/VREditor/TransformGizmo/BoundingBoxEdge.uasset" 145
"../../../Engine/Content/VREditor/TransformGizmo/PlaneTranslationHandle.uasset" 146
"../../../Engine/Content/VREditor/TransformGizmo/Xray.uasset" 147
"../../../Engine/Content/VREditor/TransformGizmo/Main.uasset" 148
"../../../Engine/Content/VREditor/TransformGizmo/SM_Sequencer_Key.uasset" 149
"../../../Engine/Content/VREditor/TransformGizmo/SM_Sequencer_Node.uasset" 150
"../../Plugins/2D/Paper2D/Content/PlaceholderTextures/DummySpriteTexture.uasset" 151
"../../Plugins/2D/Paper2D/Content/DummySprite.uasset" 152
"../../Plugins/2D/Paper2D/Content/DefaultPaperTerrainMaterial.uasset" 153
"../../Plugins/2D/Paper2D/Content/DefaultSpriteMaterial.uasset" 154
"../../Plugins/2D/Paper2D/Content/MaskedUnlitSpriteMaterial.uasset" 155
"../../Plugins/2D/Paper2D/Content/OpaqueUnlitSpriteMaterial.uasset" 156
"../../../Engine/Content/Functions/Engine_MaterialFunctions02/Utility/BreakOutFloat3Components.uasset" 157
"../../Plugins/Editor/SpeedTreeImporter/Content/SpeedTree9/UnpackInteger3.uasset" 158
"../../Plugins/Editor/SpeedTreeImporter/Content/SpeedTree9/UnpackDirection.uasset" 159
"../../Plugins/Editor/SpeedTreeImporter/Content/SpeedTree9/game_wind_noise.uasset" 160
"../../../Engine/Content/Functions/Engine_MaterialFunctions02/SafeNormalize.uasset" 161
"../../Plugins/Editor/SpeedTreeImporter/Content/SpeedTree9/SpeedTreeWindMotion.uasset" 162
"../../Plugins/Editor/SpeedTreeImporter/Content/SpeedTree9/SpeedTreeBranchMotion.uasset" 163
"../../../Engine/Content/Functions/Engine_MaterialFunctions02/ObjectLocalBounds.uasset" 164
"../../../Engine/Content/Functions/Engine_MaterialFunctions02/UVs/BoundingBoxBased_0-1_UVW.uasset" 165
"../../Plugins/Editor/SpeedTreeImporter/Content/SpeedTree9/SpeedTreeWind.uasset" 166
"../../Plugins/Editor/SpeedTreeImporter/Content/SpeedTree9/SpeedTreeBillboard.uasset" 167
"../../../Engine/Content/EngineResources/DefaultTexture.uasset" 168
"../../Plugins/Editor/SpeedTreeImporter/Content/SpeedTree9/SpeedTreeBillboardMaster.uasset" 169
"../../Plugins/Editor/SpeedTreeImporter/Content/SpeedTree9/SpeedTreeCameraFacing.uasset" 170
"../../Plugins/Editor/SpeedTreeImporter/Content/SpeedTree9/SpeedTreeMaster.uasset" 171
"../../../Engine/Content/BasicShapes/Cylinder.uasset" 172
"../../../Engine/Content/ArtTools/RenderToTexture/Materials/Debug/M_Emissive_Color.uasset" 173
"../../Plugins/Lumin/MagicLeapPassableWorld/Content/MagicLeapARPinInfoActor.uasset" 174
"../../../Engine/Content/Functions/Engine_MaterialFunctions02/Utility/BreakOutFloat4Components.uasset" 175
"../../../Engine/Content/Functions/Engine_MaterialFunctions02/Utility/MakeFloat3.uasset" 176
"../../Plugins/Runtime/Oculus/OculusVR/Content/Materials/OculusMR_ChromaKey.uasset" 177
"../../Plugins/Runtime/Oculus/OculusVR/Content/Materials/OculusMR_OpaqueColoredMaterial.uasset" 178
"../../Plugins/Runtime/Oculus/OculusVR/Content/Materials/PokeAHoleMaterial.uasset" 179
"../../../Engine/Content/BasicShapes/Sphere.uasset" 180
"../../../../../Users/Sashka/Documents/Unreal Projects/Pritch/Content/FirstPersonBP/Blueprints/TestingWeapons/HitPointsInterface.uasset" 181
"../../../../../Users/Sashka/Documents/Unreal Projects/Pritch/Content/FirstPersonBP/Blueprints/TestingWeapons/HealthComponent.uasset" 182
"../../../Engine/Content/EditorBlueprintResources/StandardMacros.uasset" 183
"../../../../../Users/Sashka/Documents/Unreal Projects/Pritch/Content/FirstPersonBP/Blueprints/DebugMAT.uasset" 184
"../../../../../Users/Sashka/Documents/Unreal Projects/Pritch/Content/FirstPersonBP/Blueprints/TestingWeapons/Test_EBBullet.uasset" 185
"../../../../../Users/Sashka/Documents/Unreal Projects/Pritch/Content/FirstPersonBP/Blueprints/AI/EQS/EQS_Tester.uasset" 186
"../../../Engine/Content/BasicShapes/Cube.uasset" 187
"../../../../../Users/Sashka/Documents/Unreal Projects/Pritch/Content/FirstPersonBP/Blueprints/TestingWeapons/Test_RevolverBullet.uasset" 188
"../../../../../Users/Sashka/Documents/Unreal Projects/Pritch/Content/FirstPerson/FPWeapon/Materials/MaterialLayers/T_ML_Rubber_Blue_01_N.uasset" 189
"../../../../../Users/Sashka/Documents/Unreal Projects/Pritch/Content/FirstPerson/FPWeapon/Materials/MaterialLayers/T_ML_Rubber_Blue_01_D.uasset" 190
"../../../../../Users/Sashka/Documents/Unreal Projects/Pritch/Content/FirstPerson/FPWeapon/Materials/MaterialLayers/T_ML_Aluminum01_N.uasset" 191
"../../../../../Users/Sashka/Documents/Unreal Projects/Pritch/Content/FirstPerson/FPWeapon/Materials/MaterialLayers/T_ML_Aluminum01.uasset" 192
"../../../../../Users/Sashka/Documents/Unreal Projects/Pritch/Content/FirstPerson/FPWeapon/Textures/T_FPGun_N.uasset" 193
"../../../../../Users/Sashka/Documents/Unreal Projects/Pritch/Content/FirstPerson/FPWeapon/Textures/T_FPGun_M.uasset" 194
"../../../../../Users/Sashka/Documents/Unreal Projects/Pritch/Content/FirstPerson/FPWeapon/Materials/MaterialLayers/ML_SoftMetal_UE4.uasset" 195
"../../../../../Users/Sashka/Documents/Unreal Projects/Pritch/Content/FirstPerson/FPWeapon/Materials/MaterialLayers/ML_Screen.uasset" 196
"../../../../../Users/Sashka/Documents/Unreal Projects/Pritch/Content/FirstPerson/FPWeapon/Materials/MaterialLayers/ML_Plastic_Shiny_Beige.uasset" 197
"../../../../../Users/Sashka/Documents/Unreal Projects/Pritch/Content/FirstPerson/FPWeapon/Materials/MaterialLayers/ML_GlossyBlack_Latex_UE4.uasset" 198
"../../../Engine/Content/Functions/MaterialLayerFunctions/MatLayerBlend_Simple.uasset" 199
"../../../Engine/Content/Functions/Engine_MaterialFunctions02/Utility/BlendAngleCorrectedNormals.uasset" 200
"../../../Engine/Content/Functions/MaterialLayerFunctions/MatLayerBlend_NormalBlend.uasset" 201
"../../../../../Users/Sashka/Documents/Unreal Projects/Pritch/Content/FirstPerson/FPWeapon/Materials/M_FPGun.uasset" 202
"../../../../../Users/Sashka/Documents/Unreal Projects/Pritch/Content/FirstPerson/FPWeapon/Materials/M_FPGun_Inst.uasset" 203
"../../../../../Users/Sashka/Documents/Unreal Projects/Pritch/Content/FirstPerson/FPWeapon/Mesh/SK_FPGun_Skeleton.uasset" 204
"../../../../../Users/Sashka/Documents/Unreal Projects/Pritch/Content/FirstPerson/FPWeapon/Mesh/SK_FPGun.uasset" 205
"../../../../../Users/Sashka/Documents/Unreal Projects/Pritch/Content/FirstPersonBP/Blueprints/TestingWeapons/Base_Weapon.uasset" 206
"../../../../../Users/Sashka/Documents/Unreal Projects/Pritch/Content/FirstPersonBP/Blueprints/TestingWeapons/TestWeapon3.uasset" 207
"../../../../../Users/Sashka/Documents/Unreal Projects/Pritch/Content/FirstPersonBP/VisualNovel/CharAndExpressionIndexes_struct.uasset" 208
"../../../../../Users/Sashka/Documents/Unreal Projects/Pritch/Content/FirstPersonBP/VisualNovel/DlgSpriteData.uasset" 209
"../../../../../Users/Sashka/Documents/Unreal Projects/Pritch/Content/FirstPersonBP/VisualNovel/DialogueOption_Widget.uasset" 210
"../../../../../Users/Sashka/Documents/Unreal Projects/Pritch/Content/FirstPersonBP/VisualNovel/Dialogue_Widget.uasset" 211
"../../../../../Users/Sashka/Documents/Unreal Projects/Pritch/Content/FirstPersonBP/Blueprints/WeaponStructs/GunStructure.uasset" 212
"../../../../../Users/Sashka/Documents/Unreal Projects/Pritch/Content/FirstPersonBP/VisualNovel/VNScreen_Interface.uasset" 213
"../../../../../Users/Sashka/Documents/Unreal Projects/Pritch/Content/FirstPersonBP/Blueprints/TestingWeapons/Test_ShotgunBullet3.uasset" 214
"../../../../../Users/Sashka/Documents/Unreal Projects/Pritch/Content/FirstPersonBP/Blueprints/TestingWeapons/Test_ShotgunBullet2.uasset" 215
"../../../../../Users/Sashka/Documents/Unreal Projects/Pritch/Content/FirstPersonBP/Blueprints/TestingWeapons/Test_ShotgunBullet.uasset" 216
"../../../../../Users/Sashka/Documents/Unreal Projects/Pritch/Content/FirstPersonBP/Blueprints/TestingWeapons/TestWeapon1.uasset" 217
"../../../Engine/Content/EditorLandscapeResources/WhiteSquareTexture.uasset" 218
"../../../../../Users/Sashka/Documents/Unreal Projects/Pritch/Content/FirstPersonBP/Blueprints/WeaponStructs/BaseAmmunitionParameters_struct.uasset" 219
"../../../../../Users/Sashka/Documents/Unreal Projects/Pritch/Content/FirstPersonBP/Blueprints/WeaponStructs/AmmunitionStats.uasset" 220
"../../../../../Users/Sashka/Documents/Unreal Projects/Pritch/Content/FirstPersonBP/Blueprints/TestingWeapons/TestBow_SM.uasset" 221
"../../../../../Users/Sashka/Documents/Unreal Projects/Pritch/Content/FirstPersonBP/Blueprints/DebugMAT_Red.uasset" 222
"../../../../../Users/Sashka/Documents/Unreal Projects/Pritch/Content/FirstPersonBP/Blueprints/TestingWeapons/TestArrow_SM.uasset" 223
"../../../Engine/Content/BasicShapes/Cone.uasset" 224
"../../../../../Users/Sashka/Documents/Unreal Projects/Pritch/Content/FirstPersonBP/Blueprints/TestingWeapons/StaticArrow.uasset" 225
"../../../Engine/Content/BasicShapes/Plane.uasset" 226
"../../../../../Users/Sashka/Documents/Unreal Projects/Pritch/Content/FirstPersonBP/Blueprints/TestingWeapons/ModularArrow_static.uasset" 227
"../../../../../Users/Sashka/Documents/Unreal Projects/Pritch/Content/FirstPersonBP/Blueprints/TestingWeapons/Test_Arrow1.uasset" 228
"../../../Engine/Content/BasicShapes/BasicShapeMaterial.uasset" 229
"../../../../../Users/Sashka/Documents/Unreal Projects/Pritch/Content/FirstPersonBP/Blueprints/TestingWeapons/ModularArrow.uasset" 230
"../../../../../Users/Sashka/Documents/Unreal Projects/Pritch/Content/FirstPersonBP/Blueprints/TestingWeapons/TestBow.uasset" 231
"../../../../../Users/Sashka/Documents/Unreal Projects/Pritch/Content/FirstPersonBP/Blueprints/DemoGameInstance.uasset" 232
"../../../../../Users/Sashka/Documents/Unreal Projects/Pritch/Content/FirstPerson/Character/Mesh/SK_Mannequin_Arms_PhysicsAsset.uasset" 233
"../../../../../Users/Sashka/Documents/Unreal Projects/Pritch/Content/FirstPerson/Character/Textures/UE4_Mannequin_MAT_MASKA.uasset" 234
"../../../../../Users/Sashka/Documents/Unreal Projects/Pritch/Content/FirstPerson/Character/Textures/UE4_Mannequin__normals.uasset" 235
"../../../../../Users/Sashka/Documents/Unreal Projects/Pritch/Content/FirstPerson/Character/Materials/MaterialLayers/T_ML_Aluminum01_N.uasset" 236
"../../../../../Users/Sashka/Documents/Unreal Projects/Pritch/Content/FirstPerson/Character/Materials/MaterialLayers/T_ML_Aluminum01.uasset" 237
"../../../../../Users/Sashka/Documents/Unreal Projects/Pritch/Content/FirstPerson/Character/Materials/MaterialLayers/ML_SoftMetal_UE4.uasset" 238
"../../../../../Users/Sashka/Documents/Unreal Projects/Pritch/Content/FirstPerson/Character/Textures/UE4_LOGO_CARD.uasset" 239
"../../../../../Users/Sashka/Documents/Unreal Projects/Pritch/Content/FirstPerson/Character/Materials/MaterialLayers/ML_Plastic_Shiny_Beige_LOGO.uasset" 240
"../../../../../Users/Sashka/Documents/Unreal Projects/Pritch/Content/FirstPerson/Character/Materials/MaterialLayers/ML_Plastic_Shiny_Beige.uasset" 241
"../../../../../Users/Sashka/Documents/Unreal Projects/Pritch/Content/FirstPerson/Character/Materials/MaterialLayers/T_ML_Rubber_Blue_01_N.uasset" 242
"../../../../../Users/Sashka/Documents/Unreal Projects/Pritch/Content/FirstPerson/Character/Materials/MaterialLayers/T_ML_Rubber_Blue_01_D.uasset" 243
"../../../../../Users/Sashka/Documents/Unreal Projects/Pritch/Content/FirstPerson/Character/Materials/MaterialLayers/ML_GlossyBlack_Latex_UE4.uasset" 244
"../../../../../Users/Sashka/Documents/Unreal Projects/Pritch/Content/FirstPerson/Character/Materials/M_UE4Man_Body.uasset" 245
"../../../../../Users/Sashka/Documents/Unreal Projects/Pritch/Content/FirstPerson/Character/Mesh/SK_Mannequin_Arms_Skeleton.uasset" 246
"../../../../../Users/Sashka/Documents/Unreal Projects/Pritch/Content/FirstPerson/Character/Mesh/SK_Mannequin_Arms.uasset" 247
"../../../../../Users/Sashka/Documents/Unreal Projects/Pritch/Content/FirstPerson/Animations/FirstPerson_Run.uasset" 248
"../../../../../Users/Sashka/Documents/Unreal Projects/Pritch/Content/FirstPerson/Animations/FirstPerson_JumpStart.uasset" 249
"../../../../../Users/Sashka/Documents/Unreal Projects/Pritch/Content/FirstPerson/Animations/FirstPerson_JumpLoop.uasset" 250
"../../../../../Users/Sashka/Documents/Unreal Projects/Pritch/Content/FirstPerson/Animations/FirstPerson_JumpEnd.uasset" 251
"../../../../../Users/Sashka/Documents/Unreal Projects/Pritch/Content/FirstPerson/Animations/FirstPerson_Idle.uasset" 252
"../../../../../Users/Sashka/Documents/Unreal Projects/Pritch/Content/FirstPerson/Animations/FirstPerson_AnimBP.uasset" 253
"../../../../../Users/Sashka/Documents/Unreal Projects/Pritch/Content/FirstPersonBP/Blueprints/FirstPersonCharacter.uasset" 254
"../../../../../Users/Sashka/Documents/Unreal Projects/Pritch/Content/FirstPersonBP/Blueprints/AI/EQS/PlayerContext.uasset" 255
"../../../../../Users/Sashka/Documents/Unreal Projects/Pritch/Content/FirstPersonBP/Blueprints/AI/EQS/FindClosestShootingSpot_EQS.uasset" 256
"../../../Engine/Content/EngineMeshes/SkeletalCube_Skeleton.uasset" 257
"../../../Engine/Content/EngineMeshes/SkeletalCube.uasset" 258
"../../../../../Users/Sashka/Documents/Unreal Projects/Pritch/Content/FirstPersonBP/Blueprints/AI/EQS/FindHidingSpotCloseToPlayer_EQS.uasset" 259
"../../../../../Users/Sashka/Documents/Unreal Projects/Pritch/Content/FirstPersonBP/Blueprints/AI/EQS/FindHidingSpot_EQS.uasset" 260
"../../../../../Users/Sashka/Documents/Unreal Projects/Pritch/Content/FirstPersonBP/Blueprints/AI/EQS/ClosestHidingSpot_EQS.uasset" 261
"../../../../../Users/Sashka/Documents/Unreal Projects/Pritch/Content/FirstPersonBP/Blueprints/AI/BaseAI/SetFocus_task.uasset" 262
"../../../../../Users/Sashka/Documents/Unreal Projects/Pritch/Content/FirstPersonBP/Blueprints/AI/BaseAI/Reload_task.uasset" 263
"../../../../../Users/Sashka/Documents/Unreal Projects/Pritch/Content/FirstPersonBP/Blueprints/AI/BaseAI/Debug_ShowDesiredLocation_task.uasset" 264
"../../../../../Users/Sashka/Documents/Unreal Projects/Pritch/Content/FirstPersonBP/Blueprints/AI/BaseAI/CompareFloats_Decorator.uasset" 265
"../../../../../Users/Sashka/Documents/Unreal Projects/Pritch/Content/FirstPersonBP/Blueprints/AI/BaseAI/ClearFocus_task.uasset" 266
"../../../../../Users/Sashka/Documents/Unreal Projects/Pritch/Content/FirstPersonBP/Blueprints/AI/BaseAI/CheckPlayerDot_Service.uasset" 267
"../../../../../Users/Sashka/Documents/Unreal Projects/Pritch/Content/FirstPersonBP/Blueprints/AI/BaseAI/CheckIfSeenByPlayer_service.uasset" 268
"../../../../../Users/Sashka/Documents/Unreal Projects/Pritch/Content/FirstPersonBP/Blueprints/AI/BaseAI/CheckDistanceToPlayer_service.uasset" 269
"../../../../../Users/Sashka/Documents/Unreal Projects/Pritch/Content/FirstPersonBP/Blueprints/AI/BaseAI/BaseAi_BB.uasset" 270
"../../../../../Users/Sashka/Documents/Unreal Projects/Pritch/Content/FirstPersonBP/Blueprints/AI/BaseAI/AIShoot_task.uasset" 271
"../../../../../Users/Sashka/Documents/Unreal Projects/Pritch/Content/FirstPersonBP/Blueprints/AI/BaseAI/BaseAI_Stalker_BT.uasset" 272
"../../../../../Users/Sashka/Documents/Unreal Projects/Pritch/Content/FirstPersonBP/Blueprints/AI/BaseAI/BaseAI_Controller.uasset" 273
"../../../../../Users/Sashka/Documents/Unreal Projects/Pritch/Content/FirstPersonBP/Blueprints/AI/BaseAI/BaseShooterNPC.uasset" 274
"../../../../../Users/Sashka/Documents/Unreal Projects/Pritch/Content/FirstPersonBP/Blueprints/DebugMAT_White.uasset" 275
"../../../../../Users/Sashka/Documents/Unreal Projects/Pritch/Content/FirstPersonBP/Blueprints/DebugMAT_Black.uasset" 276
"../../../../../Users/Sashka/Documents/Unreal Projects/Pritch/Content/FirstPersonBP/Blueprints/PainLover_SM.uasset" 277
"../../../../../Users/Sashka/Documents/Unreal Projects/Pritch/Content/FirstPersonBP/Blueprints/PainLover_BP.uasset" 278
"../../../../../Users/Sashka/Documents/Unreal Projects/Pritch/Content/FirstPerson/Textures/FirstPersonCrosshair.uasset" 279
"../../../../../Users/Sashka/Documents/Unreal Projects/Pritch/Content/FirstPersonBP/Blueprints/FirstPersonHUD.uasset" 280
"../../../../../Users/Sashka/Documents/Unreal Projects/Pritch/Content/FirstPersonBP/Blueprints/FirstPersonGameMode.uasset" 281
"../../../../../Users/Sashka/Documents/Unreal Projects/Pritch/Content/Geometry/Meshes/CubeMaterial.uasset" 282
"../../../../../Users/Sashka/Documents/Unreal Projects/Pritch/Content/Geometry/Meshes/1M_Cube.uasset" 283
"../../../Engine/Content/EngineSky/T_Sky_Stars.uasset" 284
"../../../Engine/Content/EngineSky/T_Sky_Clouds_M.uasset" 285
"../../../Engine/Content/EngineSky/T_Sky_Blue.uasset" 286
"../../../Engine/Content/EngineSky/M_Sky_Panning_Clouds2.uasset" 287
"../../../../../Users/Sashka/Documents/Unreal Projects/Pritch/Content/FirstPersonBP/Maps/FirstPersonExampleMap_BuiltData.uasset" 288
"../../../Engine/Content/EngineSky/SM_SkySphere.uasset" 289
"../../../Engine/Content/EngineSky/C_Sky_Zenith_Color.uasset" 290
"../../../Engine/Content/EngineSky/C_Sky_Horizon_Color.uasset" 291
"../../../Engine/Content/EngineSky/C_Sky_Cloud_Color.uasset" 292
"../../../Engine/Content/EngineSky/BP_Sky_Sphere.uasset" 293
"../../../../../Users/Sashka/Documents/Unreal Projects/Pritch/Content/FirstPerson/Meshes/BaseMaterial.uasset" 294
"../../../../../Users/Sashka/Documents/Unreal Projects/Pritch/Content/FirstPerson/Meshes/CubeMaterialOverride.uasset" 295
"../../../../../Users/Sashka/Documents/Unreal Projects/Pritch/Content/FirstPersonBP/Maps/FirstPersonExampleMap.umap" 296
"../../../../../Users/Sashka/Documents/Unreal Projects/Pritch/Content/FirstPersonBP/VisualNovel/Images/TestProps/ArrowParts/ArrowWoods/ArrowWood_pink.uasset" 297
"../../../../../Users/Sashka/Documents/Unreal Projects/Pritch/Content/FirstPersonBP/VisualNovel/Images/TestProps/ArrowParts/ArrowWoods/ArrowWood_gray.uasset" 298
"../../../../../Users/Sashka/Documents/Unreal Projects/Pritch/Content/FirstPersonBP/VisualNovel/Images/TestProps/ArrowParts/ArrowWoods/ArrowWood_brown.uasset" 299
"../../../../../Users/Sashka/Documents/Unreal Projects/Pritch/Content/FirstPersonBP/VisualNovel/Images/TestProps/ArrowParts/ArrowHeads/Arrowhead_white.uasset" 300
"../../../../../Users/Sashka/Documents/Unreal Projects/Pritch/Content/FirstPersonBP/VisualNovel/Images/TestProps/ArrowParts/ArrowHeads/ArrowHead_gray.uasset" 301
"../../../../../Users/Sashka/Documents/Unreal Projects/Pritch/Content/FirstPersonBP/VisualNovel/Images/TestProps/ArrowParts/ArrowHeads/ArrowHead_black.uasset" 302
"../../../../../Users/Sashka/Documents/Unreal Projects/Pritch/Content/FirstPersonBP/VisualNovel/Images/TestProps/ArrowParts/ArrowFeathers/ArrowFeathers_orange.uasset" 303
"../../../../../Users/Sashka/Documents/Unreal Projects/Pritch/Content/FirstPersonBP/VisualNovel/Images/TestProps/ArrowParts/ArrowFeathers/ArrowFeathers_green.uasset" 304
"../../../../../Users/Sashka/Documents/Unreal Projects/Pritch/Content/FirstPersonBP/VisualNovel/Images/TestProps/ArrowParts/ArrowFeathers/ArrowFeathers_black.uasset" 305
"../../../../../Users/Sashka/Documents/Unreal Projects/Pritch/Content/FirstPersonBP/VisualNovel/Images/TestProps/Arrow.uasset" 306
"../../../../../Users/Sashka/Documents/Unreal Projects/Pritch/Content/FirstPersonBP/VisualNovel/Images/TestBG/Crafttable.uasset" 307
"../../../../../Users/Sashka/Documents/Unreal Projects/Pritch/Content/FirstPersonBP/Blueprints/WeaponStructs/AmmunitionComponentStats_Struct.uasset" 308
"../../../../../Users/Sashka/Documents/Unreal Projects/Pritch/Content/FirstPersonBP/VisualNovel/Screens/DemoScreens/Workbench_screen.uasset" 309
"../../../../../Users/Sashka/Documents/Unreal Projects/Pritch/Content/FirstPersonBP/VisualNovel/Images/TestBG/Demomap_landscape.uasset" 310
"../../../../../Users/Sashka/Documents/Unreal Projects/Pritch/Content/FirstPersonBP/VisualNovel/Images/PainLover/PainLoverSprites_sad.uasset" 311
"../../../../../Users/Sashka/Documents/Unreal Projects/Pritch/Content/FirstPersonBP/VisualNovel/Images/PainLover/PainLoverSprite_neutral.uasset" 312
"../../../../../Users/Sashka/Documents/Unreal Projects/Pritch/Content/FirstPersonBP/VisualNovel/Images/PainLover/PainLoverSprite_happy.uasset" 313
"../../../../../Users/Sashka/Documents/Unreal Projects/Pritch/Content/FirstPersonBP/VisualNovel/Images/PainHater/PainHater_angry.uasset" 314
"../../../../../Users/Sashka/Documents/Unreal Projects/Pritch/Content/FirstPersonBP/VisualNovel/InteractableCharacter_Widget.uasset" 315
"../../../../../Users/Sashka/Documents/Unreal Projects/Pritch/Content/FirstPersonBP/VisualNovel/CharAndExpressionImages_struct.uasset" 316
"../../../../../Users/Sashka/Documents/Unreal Projects/Pritch/Content/FirstPersonBP/VisualNovel/DlgSpriteData_images.uasset" 317
"../../../../../Users/Sashka/Documents/Unreal Projects/Pritch/Content/FirstPersonBP/VisualNovel/Screens/DemoScreens/PainHaters_demomap_DialogueScreen.uasset" 318
"../../../../../Users/Sashka/Documents/Unreal Projects/Pritch/Content/FirstPersonBP/VisualNovel/LoadShooterLevel_Event.uasset" 319
"../../../../../Users/Sashka/Documents/Unreal Projects/Pritch/Content/FirstPersonBP/VisualNovel/Demomap_dialogue.uasset" 320
"../../../../../Users/Sashka/Documents/Unreal Projects/Pritch/Content/FirstPersonBP/VisualNovel/Screens/DemoScreens/Demomap_landscape.uasset" 321
"../../../../../Users/Sashka/Documents/Unreal Projects/Pritch/Content/FirstPersonBP/VisualNovel/Images/TestBG/Klin_landscape.uasset" 322
"../../../../../Users/Sashka/Documents/Unreal Projects/Pritch/Content/FirstPersonBP/VisualNovel/Images/TestBG/Klin_interior.uasset" 323
"../../../../../Users/Sashka/Documents/Unreal Projects/Pritch/Content/FirstPersonBP/VisualNovel/Screens/DemoScreens/Klin_Interior.uasset" 324
"../../../../../Users/Sashka/Documents/Unreal Projects/Pritch/Content/FirstPersonBP/VisualNovel/Images/TestBG/TestHouse_interior.uasset" 325
"../../../../../Users/Sashka/Documents/Unreal Projects/Pritch/Content/FirstPersonBP/VisualNovel/Images/Lelemon/Lelemon_neutral.uasset" 326
"../../../../../Users/Sashka/Documents/Unreal Projects/Pritch/Content/FirstPersonBP/VisualNovel/Images/Fanservice/Fanservice_neutral.uasset" 327
"../../../../../Users/Sashka/Documents/Unreal Projects/Pritch/Content/FirstPersonBP/VisualNovel/Screens/DialogueScreens/TestHouse_LeLemon_Fanservice_DialogueScreen.uasset" 328
"../../../../../Users/Sashka/Documents/Unreal Projects/Pritch/Content/FirstPersonBP/VisualNovel/Images/Lelemon/Lelemon_fullheight.uasset" 329
"../../../../../Users/Sashka/Documents/Unreal Projects/Pritch/Content/FirstPersonBP/VisualNovel/Images/Fanservice/Fanservice_fullheight.uasset" 330
"../../../../../Users/Sashka/Documents/Unreal Projects/Pritch/Content/FirstPersonBP/VisualNovel/Images/Lelemon/Lelemon_talking.uasset" 331
"../../../../../Users/Sashka/Documents/Unreal Projects/Pritch/Content/FirstPersonBP/VisualNovel/Images/Lelemon/Lelemon_scowl.uasset" 332
"../../../../../Users/Sashka/Documents/Unreal Projects/Pritch/Content/FirstPersonBP/VisualNovel/Images/Fanservice/Fanservice_thinking.uasset" 333
"../../../../../Users/Sashka/Documents/Unreal Projects/Pritch/Content/FirstPersonBP/VisualNovel/Images/Fanservice/Fanservice_smile.uasset" 334
"../../../../../Users/Sashka/Documents/Unreal Projects/Pritch/Content/FirstPersonBP/VisualNovel/Lelemon+FanserviceDialogue.uasset" 335
"../../../../../Users/Sashka/Documents/Unreal Projects/Pritch/Content/FirstPersonBP/VisualNovel/Screens/TestHouse_VNScreen.uasset" 336
"../../../../../Users/Sashka/Documents/Unreal Projects/Pritch/Content/FirstPersonBP/VisualNovel/Images/PainHater/PainHater_neutral.uasset" 337
"../../../../../Users/Sashka/Documents/Unreal Projects/Pritch/Content/FirstPersonBP/VisualNovel/Screens/DialogueScreens/PainHaterDialogue_Screen.uasset" 338
"../../../../../Users/Sashka/Documents/Unreal Projects/Pritch/Content/FirstPersonBP/VisualNovel/Images/TestProps/House.uasset" 339
"../../../../../Users/Sashka/Documents/Unreal Projects/Pritch/Content/FirstPersonBP/VisualNovel/Images/TestBG/TestVNBG.uasset" 340
"../../../../../Users/Sashka/Documents/Unreal Projects/Pritch/Content/FirstPersonBP/VisualNovel/PainLoverDialogue.uasset" 341
"../../../../../Users/Sashka/Documents/Unreal Projects/Pritch/Content/FirstPersonBP/VisualNovel/Images/PainHater/PainHater_annoyed.uasset" 342
"../../../../../Users/Sashka/Documents/Unreal Projects/Pritch/Content/FirstPersonBP/VisualNovel/PainHaterDialogue.uasset" 343
"../../../../../Users/Sashka/Documents/Unreal Projects/Pritch/Content/FirstPersonBP/VisualNovel/Screens/MultipleNPC_VNScreen.uasset" 344
"../../../../../Users/Sashka/Documents/Unreal Projects/Pritch/Content/FirstPersonBP/VisualNovel/Screens/DialogueScreens/PainLoverDialogue_Screen.uasset" 345
"../../../../../Users/Sashka/Documents/Unreal Projects/Pritch/Content/FirstPersonBP/VisualNovel/DialogueParticipant_BP.uasset" 346
"../../../../../Users/Sashka/Documents/Unreal Projects/Pritch/Content/FirstPersonBP/VisualNovel/VN_Levels/VN_Demolevel.umap" 347
"../../../../../Users/Sashka/Documents/Unreal Projects/Pritch/Content/FirstPersonBP/VisualNovel/VN_Levels/VN_MultipleNPC.umap" 348
"../../../Engine/Content/EngineMaterials/DefaultPhysicalMaterial.uasset" 349
"../../../../../Users/Sashka/Documents/Unreal Projects/Pritch/Content/FirstPersonBP/Blueprints/TestingWeapons/Test_UZIBullet.uasset" 350
"../../../../../Users/Sashka/Documents/Unreal Projects/Pritch/Content/FirstPersonBP/Blueprints/TestingWeapons/TestWeapon2.uasset" 351
"../../../../../Users/Sashka/Documents/Unreal Projects/Pritch/Content/FirstPersonBP/Blueprints/AI/BaseAI/Berserker_BT.uasset" 352
"../../../../../Users/Sashka/Documents/Unreal Projects/Pritch/Content/FirstPersonBP/Blueprints/AI/BaseAI/Berserker_AIController.uasset" 353
"../../../../../Users/Sashka/Documents/Unreal Projects/Pritch/Content/FirstPersonBP/Blueprints/AI/BaseAI/DemoBoss_NPC.uasset" 354
"../../../../../Users/Sashka/Documents/Unreal Projects/Pritch/Content/FirstPersonBP/Blueprints/DebugMAT_blueGlow.uasset" 355
"../../../../../Users/Sashka/Documents/Unreal Projects/Pritch/Content/FirstPersonBP/Blueprints/DebugMAT_TowerDark.uasset" 356
"../../../../../Users/Sashka/Documents/Unreal Projects/Pritch/Content/FirstPersonBP/Blueprints/DebugMAT_buildings.uasset" 357
"../../../../../Users/Sashka/Documents/Unreal Projects/Pritch/Content/FirstPersonBP/Blueprints/DebugMAT_Demosand.uasset" 358
"../../../../../Users/Sashka/Documents/Unreal Projects/Pritch/Content/FirstPersonBP/Blueprints/DebugMAT_KlinGray.uasset" 359
"../../../../../Users/Sashka/Documents/Unreal Projects/Pritch/Content/FirstPersonBP/Blueprints/DebugMAT_Tower.uasset" 360
"../../../../../Users/Sashka/Documents/Unreal Projects/Pritch/Content/FirstPersonBP/Maps/DemoMap.umap" 361
"../../../Engine/Content/Maps/Entry_BuiltData.uasset" 362
"../../../Engine/Content/Maps/Entry.umap" 363
